

Started GET "/" for 127.0.0.1 at 2014-07-15 22:55:05 +0530

Gem::LoadError (Specified 'sqlite3' for database adapter, but the gem is not loaded. Add `gem 'sqlite3'` to your Gemfile (and ensure its version is at the minimum required by ActiveRecord).):
  activerecord (4.1.1) lib/active_record/connection_adapters/connection_specification.rb:190:in `rescue in spec'
  activerecord (4.1.1) lib/active_record/connection_adapters/connection_specification.rb:187:in `spec'
  activerecord (4.1.1) lib/active_record/connection_handling.rb:50:in `establish_connection'
  activerecord (4.1.1) lib/active_record/railtie.rb:129:in `block (2 levels) in <class:Railtie>'
  activesupport (4.1.1) lib/active_support/lazy_load_hooks.rb:38:in `instance_eval'
  activesupport (4.1.1) lib/active_support/lazy_load_hooks.rb:38:in `execute_hook'
  activesupport (4.1.1) lib/active_support/lazy_load_hooks.rb:45:in `block in run_load_hooks'
  activesupport (4.1.1) lib/active_support/lazy_load_hooks.rb:44:in `each'
  activesupport (4.1.1) lib/active_support/lazy_load_hooks.rb:44:in `run_load_hooks'
  activerecord (4.1.1) lib/active_record/base.rb:326:in `<module:ActiveRecord>'
  activerecord (4.1.1) lib/active_record/base.rb:23:in `<top (required)>'
  activerecord (4.1.1) lib/active_record/connection_adapters/abstract/connection_pool.rb:628:in `rescue in call'
  activerecord (4.1.1) lib/active_record/connection_adapters/abstract/connection_pool.rb:619:in `call'
  activerecord (4.1.1) lib/active_record/migration.rb:380:in `call'
  actionpack (4.1.1) lib/action_dispatch/middleware/callbacks.rb:29:in `block in call'
  activesupport (4.1.1) lib/active_support/callbacks.rb:82:in `run_callbacks'
  actionpack (4.1.1) lib/action_dispatch/middleware/callbacks.rb:27:in `call'
  actionpack (4.1.1) lib/action_dispatch/middleware/reloader.rb:73:in `call'
  actionpack (4.1.1) lib/action_dispatch/middleware/remote_ip.rb:76:in `call'
  actionpack (4.1.1) lib/action_dispatch/middleware/debug_exceptions.rb:17:in `call'
  actionpack (4.1.1) lib/action_dispatch/middleware/show_exceptions.rb:30:in `call'
  railties (4.1.1) lib/rails/rack/logger.rb:38:in `call_app'
  railties (4.1.1) lib/rails/rack/logger.rb:20:in `block in call'
  activesupport (4.1.1) lib/active_support/tagged_logging.rb:68:in `block in tagged'
  activesupport (4.1.1) lib/active_support/tagged_logging.rb:26:in `tagged'
  activesupport (4.1.1) lib/active_support/tagged_logging.rb:68:in `tagged'
  railties (4.1.1) lib/rails/rack/logger.rb:20:in `call'
  actionpack (4.1.1) lib/action_dispatch/middleware/request_id.rb:21:in `call'
  rack (1.5.2) lib/rack/methodoverride.rb:21:in `call'
  rack (1.5.2) lib/rack/runtime.rb:17:in `call'
  activesupport (4.1.1) lib/active_support/cache/strategy/local_cache_middleware.rb:26:in `call'
  rack (1.5.2) lib/rack/lock.rb:17:in `call'
  actionpack (4.1.1) lib/action_dispatch/middleware/static.rb:64:in `call'
  rack (1.5.2) lib/rack/sendfile.rb:112:in `call'
  railties (4.1.1) lib/rails/engine.rb:514:in `call'
  railties (4.1.1) lib/rails/application.rb:144:in `call'
  rack (1.5.2) lib/rack/lock.rb:17:in `call'
  rack (1.5.2) lib/rack/content_length.rb:14:in `call'
  rack (1.5.2) lib/rack/handler/webrick.rb:60:in `service'
  /home/anil/.rvm/rubies/ruby-2.1.2/lib/ruby/2.1.0/webrick/httpserver.rb:138:in `service'
  /home/anil/.rvm/rubies/ruby-2.1.2/lib/ruby/2.1.0/webrick/httpserver.rb:94:in `run'
  /home/anil/.rvm/rubies/ruby-2.1.2/lib/ruby/2.1.0/webrick/server.rb:295:in `block in start_thread'


  Rendered /home/anil/.rvm/gems/ruby-2.1.2@21nautica/gems/actionpack-4.1.1/lib/action_dispatch/middleware/templates/rescues/_source.erb (0.6ms)
  Rendered /home/anil/.rvm/gems/ruby-2.1.2@21nautica/gems/actionpack-4.1.1/lib/action_dispatch/middleware/templates/rescues/_trace.html.erb (1.1ms)
  Rendered /home/anil/.rvm/gems/ruby-2.1.2@21nautica/gems/actionpack-4.1.1/lib/action_dispatch/middleware/templates/rescues/_request_and_response.html.erb (2.3ms)
  Rendered /home/anil/.rvm/gems/ruby-2.1.2@21nautica/gems/actionpack-4.1.1/lib/action_dispatch/middleware/templates/rescues/diagnostics.erb within rescues/layout (18.6ms)


Started GET "/" for 127.0.0.1 at 2014-07-15 22:58:50 +0530
Processing by Rails::WelcomeController#index as HTML
  Rendered /home/anil/.rvm/gems/ruby-2.1.2@21nautica/gems/railties-4.1.1/lib/rails/templates/rails/welcome/index.html.erb (22.7ms)
Completed 200 OK in 73ms (Views: 48.8ms | ActiveRecord: 0.0ms)


Started GET "/" for 127.0.0.1 at 2014-07-15 22:59:34 +0530
Processing by Rails::WelcomeController#index as HTML
  Rendered /home/anil/.rvm/gems/ruby-2.1.2@21nautica/gems/railties-4.1.1/lib/rails/templates/rails/welcome/index.html.erb (0.1ms)
Completed 200 OK in 2ms (Views: 1.6ms | ActiveRecord: 0.0ms)


Started GET "/" for 127.0.0.1 at 2014-07-16 12:02:08 +0530

ActiveRecord::PendingMigrationError (

Migrations are pending. To resolve this issue, run:

	bin/rake db:migrate RAILS_ENV=development

):
  activerecord (4.1.1) lib/active_record/migration.rb:389:in `check_pending!'
  activerecord (4.1.1) lib/active_record/migration.rb:377:in `call'
  actionpack (4.1.1) lib/action_dispatch/middleware/callbacks.rb:29:in `block in call'
  activesupport (4.1.1) lib/active_support/callbacks.rb:82:in `run_callbacks'
  actionpack (4.1.1) lib/action_dispatch/middleware/callbacks.rb:27:in `call'
  actionpack (4.1.1) lib/action_dispatch/middleware/reloader.rb:73:in `call'
  actionpack (4.1.1) lib/action_dispatch/middleware/remote_ip.rb:76:in `call'
  actionpack (4.1.1) lib/action_dispatch/middleware/debug_exceptions.rb:17:in `call'
  actionpack (4.1.1) lib/action_dispatch/middleware/show_exceptions.rb:30:in `call'
  railties (4.1.1) lib/rails/rack/logger.rb:38:in `call_app'
  railties (4.1.1) lib/rails/rack/logger.rb:20:in `block in call'
  activesupport (4.1.1) lib/active_support/tagged_logging.rb:68:in `block in tagged'
  activesupport (4.1.1) lib/active_support/tagged_logging.rb:26:in `tagged'
  activesupport (4.1.1) lib/active_support/tagged_logging.rb:68:in `tagged'
  railties (4.1.1) lib/rails/rack/logger.rb:20:in `call'
  actionpack (4.1.1) lib/action_dispatch/middleware/request_id.rb:21:in `call'
  rack (1.5.2) lib/rack/methodoverride.rb:21:in `call'
  rack (1.5.2) lib/rack/runtime.rb:17:in `call'
  activesupport (4.1.1) lib/active_support/cache/strategy/local_cache_middleware.rb:26:in `call'
  rack (1.5.2) lib/rack/lock.rb:17:in `call'
  actionpack (4.1.1) lib/action_dispatch/middleware/static.rb:64:in `call'
  rack (1.5.2) lib/rack/sendfile.rb:112:in `call'
  railties (4.1.1) lib/rails/engine.rb:514:in `call'
  railties (4.1.1) lib/rails/application.rb:144:in `call'
  rack (1.5.2) lib/rack/lock.rb:17:in `call'
  rack (1.5.2) lib/rack/content_length.rb:14:in `call'
  rack (1.5.2) lib/rack/handler/webrick.rb:60:in `service'
  /home/anil/.rvm/rubies/ruby-2.1.2/lib/ruby/2.1.0/webrick/httpserver.rb:138:in `service'
  /home/anil/.rvm/rubies/ruby-2.1.2/lib/ruby/2.1.0/webrick/httpserver.rb:94:in `run'
  /home/anil/.rvm/rubies/ruby-2.1.2/lib/ruby/2.1.0/webrick/server.rb:295:in `block in start_thread'


  Rendered /home/anil/.rvm/gems/ruby-2.1.2@21nautica/gems/actionpack-4.1.1/lib/action_dispatch/middleware/templates/rescues/_source.erb (0.9ms)
  Rendered /home/anil/.rvm/gems/ruby-2.1.2@21nautica/gems/actionpack-4.1.1/lib/action_dispatch/middleware/templates/rescues/_trace.html.erb (1.7ms)
  Rendered /home/anil/.rvm/gems/ruby-2.1.2@21nautica/gems/actionpack-4.1.1/lib/action_dispatch/middleware/templates/rescues/_request_and_response.html.erb (0.9ms)
  Rendered /home/anil/.rvm/gems/ruby-2.1.2@21nautica/gems/actionpack-4.1.1/lib/action_dispatch/middleware/templates/rescues/diagnostics.erb within rescues/layout (19.1ms)
  [1m[36m (212.6ms)[0m  [1mCREATE TABLE "schema_migrations" ("version" character varying(255) NOT NULL) [0m
  [1m[35m (55.9ms)[0m  CREATE UNIQUE INDEX  "unique_schema_migrations" ON "schema_migrations"  ("version")
  [1m[36mActiveRecord::SchemaMigration Load (0.6ms)[0m  [1mSELECT "schema_migrations".* FROM "schema_migrations"[0m
Migrating to CreateOrders (20140715181503)
  [1m[35m (0.3ms)[0m  BEGIN
  [1m[36m (130.8ms)[0m  [1mCREATE TABLE "orders" ("id" serial primary key, "equipment" character varying(255), "quantity" integer, "type" character varying(255), "created_at" timestamp, "updated_at" timestamp) [0m
  [1m[35mSQL (0.7ms)[0m  INSERT INTO "schema_migrations" ("version") VALUES ('20140715181503')  [["version", "20140715181503"]]
  [1m[36m (12.4ms)[0m  [1mCOMMIT[0m
Migrating to CreateCustomers (20140715181756)
  [1m[35m (0.3ms)[0m  BEGIN
  [1m[36m (172.5ms)[0m  [1mCREATE TABLE "customers" ("id" serial primary key, "name" character varying(255), "emails" character varying(255), "created_at" timestamp, "updated_at" timestamp) [0m
  [1m[35mSQL (0.3ms)[0m  INSERT INTO "schema_migrations" ("version") VALUES ('20140715181756')  [["version", "20140715181756"]]
  [1m[36m (85.5ms)[0m  [1mCOMMIT[0m
Migrating to CreateImports (20140715182141)
  [1m[35m (0.3ms)[0m  BEGIN
  [1m[36m (91.8ms)[0m  [1mCREATE TABLE "imports" ("id" serial primary key, "from" character varying(255), "to" character varying(255), "bl_number" character varying(255), "estimate_arrival" date, "description" character varying(255), "rate" character varying(255), "status" character varying(255), "out_of_port_date" date, "created_at" timestamp, "updated_at" timestamp) [0m
  [1m[35mSQL (0.3ms)[0m  INSERT INTO "schema_migrations" ("version") VALUES ('20140715182141')  [["version", "20140715182141"]]
  [1m[36m (20.9ms)[0m  [1mCOMMIT[0m
Migrating to CreateImportItems (20140715183752)
  [1m[35m (0.4ms)[0m  BEGIN
  [1m[36m (88.4ms)[0m  [1mCREATE TABLE "import_items" ("id" serial primary key, "container_number" character varying(255), "trailer_number" character varying(255), "tr_code" character varying(255), "truck_number" character varying(255), "current_location" character varying(255), "bond_direction" character varying(255), "bond_number" character varying(255), "status" character varying(255), "import_id" integer, "created_at" timestamp, "updated_at" timestamp) [0m
  [1m[35mSQL (0.4ms)[0m  INSERT INTO "schema_migrations" ("version") VALUES ('20140715183752')  [["version", "20140715183752"]]
  [1m[36m (19.9ms)[0m  [1mCOMMIT[0m
Migrating to CreateExports (20140715184727)
  [1m[35m (0.3ms)[0m  BEGIN
  [1m[36m (98.7ms)[0m  [1mCREATE TABLE "exports" ("id" serial primary key, "export_type" character varying(255), "shipping_line" character varying(255), "placed" integer, "release_order_number" character varying(255), "created_at" timestamp, "updated_at" timestamp) [0m
  [1m[35mSQL (0.3ms)[0m  INSERT INTO "schema_migrations" ("version") VALUES ('20140715184727')  [["version", "20140715184727"]]
  [1m[36m (19.0ms)[0m  [1mCOMMIT[0m
Migrating to CreateExportItems (20140715190715)
  [1m[35m (0.3ms)[0m  BEGIN
  [1m[36m (76.9ms)[0m  [1mCREATE TABLE "export_items" ("id" serial primary key, "container" character varying(255), "location" character varying(255), "weight" character varying(255), "export_id" integer, "movement_id" integer, "created_at" timestamp, "updated_at" timestamp) [0m
  [1m[35mSQL (0.3ms)[0m  INSERT INTO "schema_migrations" ("version") VALUES ('20140715190715')  [["version", "20140715190715"]]
  [1m[36m (18.3ms)[0m  [1mCOMMIT[0m
Migrating to CreateMovements (20140715191232)
  [1m[35m (0.3ms)[0m  BEGIN
  [1m[36m (120.4ms)[0m  [1mCREATE TABLE "movements" ("id" serial primary key, "booking_number" character varying(255), "truck_number" character varying(255), "vessel_targeted" character varying(255), "point_of_destination" character varying(255), "point_of_loading" character varying(255), "estimate_delivery" date, "movement_type" character varying(255), "shipping_seal" character varying(255), "custom_seal" character varying(255), "current_location" character varying(255), "status" character varying(255), "created_at" timestamp, "updated_at" timestamp) [0m
  [1m[35mSQL (0.3ms)[0m  INSERT INTO "schema_migrations" ("version") VALUES ('20140715191232')  [["version", "20140715191232"]]
  [1m[36m (16.1ms)[0m  [1mCOMMIT[0m
  [1m[35mActiveRecord::SchemaMigration Load (0.3ms)[0m  SELECT "schema_migrations".* FROM "schema_migrations"


Started GET "/" for 127.0.0.1 at 2014-07-16 12:02:21 +0530
  [1m[36mActiveRecord::SchemaMigration Load (0.4ms)[0m  [1mSELECT "schema_migrations".* FROM "schema_migrations"[0m
Processing by WelcomeController#index as HTML
  Rendered welcome/index.html.haml within layouts/application (0.9ms)
Completed 500 Internal Server Error in 46ms

SyntaxError (/home/anil/work/21nautica/app/views/layouts/application.html.haml:5: syntax error, unexpected '>'
/home/anil/work/21nautica/app/views/layouts/application.html.haml:7: syntax error, unexpected '}', expecting tSTRING_DEND
));}\n    #{_hamlout.format_scrip...
    ^
/home/anil/work/21nautica/app/views/layouts/application.html.haml:8: unknown regexp options - had
/home/anil/work/21nautica/app/views/layouts/application.html.haml:8: syntax error, unexpected $undefined
...0' name='viewport'>\n  </head>\n  <body>\n    <div class='fl...
...                               ^
/home/anil/work/21nautica/app/views/layouts/application.html.haml:8: syntax error, unexpected $undefined
...iewport'>\n  </head>\n  <body>\n    <div class='flash_messag...
...                               ^
/home/anil/work/21nautica/app/views/layouts/application.html.haml:8: syntax error, unexpected keyword_class, expecting keyword_do or '{' or '('
...head>\n  <body>\n    <div class='flash_messages global'>\n  ...
...                               ^
/home/anil/work/21nautica/app/views/layouts/application.html.haml:8: syntax error, unexpected $undefined
...class='flash_messages global'>\n      #{_hamlout.adjust_tabs...
...                               ^
/home/anil/work/21nautica/app/views/layouts/application.html.haml:14: syntax error, unexpected '}', expecting tSTRING_DEND
));}\n    </div>\n    <div class='wrapper'>\n      #{
    ^
/home/anil/work/21nautica/app/views/layouts/application.html.haml:19: unknown regexp options - dv
/home/anil/work/21nautica/app/views/layouts/application.html.haml:19: syntax error, unexpected $undefined
));}\n        </div>\n      </div>\n      <div cla...
                     ^
/home/anil/work/21nautica/app/views/layouts/application.html.haml:21: unknown regexp options - dv
/home/anil/work/21nautica/app/views/layouts/application.html.haml:21: syntax error, unexpected $undefined
));}\n      </div>\n    </div>\n  </body>\n</htm...
                   ^
/home/anil/work/21nautica/app/views/layouts/application.html.haml:21: unknown regexp options - bdy
/home/anil/work/21nautica/app/views/layouts/application.html.haml:21: syntax error, unexpected $undefined
... </div>\n    </div>\n  </body>\n</html>\n", -4, false);::Ham...
...                               ^
/home/anil/work/21nautica/app/views/layouts/application.html.haml:21: unterminated regexp meets end of file
/home/anil/work/21nautica/app/views/layouts/application.html.haml:21: syntax error, unexpected end-of-input, expecting tSTRING_DEND):
  actionview (4.1.1) lib/action_view/template.rb:297:in `module_eval'
  actionview (4.1.1) lib/action_view/template.rb:297:in `compile'
  actionview (4.1.1) lib/action_view/template.rb:245:in `block (2 levels) in compile!'
  activesupport (4.1.1) lib/active_support/notifications.rb:161:in `instrument'
  actionview (4.1.1) lib/action_view/template.rb:339:in `instrument'
  actionview (4.1.1) lib/action_view/template.rb:244:in `block in compile!'
  actionview (4.1.1) lib/action_view/template.rb:232:in `synchronize'
  actionview (4.1.1) lib/action_view/template.rb:232:in `compile!'
  actionview (4.1.1) lib/action_view/template.rb:144:in `block in render'
  activesupport (4.1.1) lib/active_support/notifications.rb:161:in `instrument'
  actionview (4.1.1) lib/action_view/template.rb:339:in `instrument'
  actionview (4.1.1) lib/action_view/template.rb:143:in `render'
  actionview (4.1.1) lib/action_view/renderer/template_renderer.rb:67:in `render_with_layout'
  actionview (4.1.1) lib/action_view/renderer/template_renderer.rb:53:in `render_template'
  actionview (4.1.1) lib/action_view/renderer/template_renderer.rb:17:in `render'
  actionview (4.1.1) lib/action_view/renderer/renderer.rb:42:in `render_template'
  actionview (4.1.1) lib/action_view/renderer/renderer.rb:23:in `render'
  actionview (4.1.1) lib/action_view/rendering.rb:99:in `_render_template'
  actionpack (4.1.1) lib/action_controller/metal/streaming.rb:217:in `_render_template'
  actionview (4.1.1) lib/action_view/rendering.rb:82:in `render_to_body'
  actionpack (4.1.1) lib/action_controller/metal/rendering.rb:32:in `render_to_body'
  actionpack (4.1.1) lib/action_controller/metal/renderers.rb:32:in `render_to_body'
  actionpack (4.1.1) lib/abstract_controller/rendering.rb:25:in `render'
  actionpack (4.1.1) lib/action_controller/metal/rendering.rb:16:in `render'
  actionpack (4.1.1) lib/action_controller/metal/instrumentation.rb:41:in `block (2 levels) in render'
  activesupport (4.1.1) lib/active_support/core_ext/benchmark.rb:12:in `block in ms'
  /home/anil/.rvm/rubies/ruby-2.1.2/lib/ruby/2.1.0/benchmark.rb:294:in `realtime'
  activesupport (4.1.1) lib/active_support/core_ext/benchmark.rb:12:in `ms'
  actionpack (4.1.1) lib/action_controller/metal/instrumentation.rb:41:in `block in render'
  actionpack (4.1.1) lib/action_controller/metal/instrumentation.rb:84:in `cleanup_view_runtime'
  activerecord (4.1.1) lib/active_record/railties/controller_runtime.rb:25:in `cleanup_view_runtime'
  actionpack (4.1.1) lib/action_controller/metal/instrumentation.rb:40:in `render'
  actionpack (4.1.1) lib/action_controller/metal/implicit_render.rb:10:in `default_render'
  actionpack (4.1.1) lib/action_controller/metal/implicit_render.rb:4:in `send_action'
  actionpack (4.1.1) lib/abstract_controller/base.rb:189:in `process_action'
  actionpack (4.1.1) lib/action_controller/metal/rendering.rb:10:in `process_action'
  actionpack (4.1.1) lib/abstract_controller/callbacks.rb:20:in `block in process_action'
  activesupport (4.1.1) lib/active_support/callbacks.rb:113:in `call'
  activesupport (4.1.1) lib/active_support/callbacks.rb:113:in `call'
  activesupport (4.1.1) lib/active_support/callbacks.rb:229:in `block in halting'
  activesupport (4.1.1) lib/active_support/callbacks.rb:229:in `call'
  activesupport (4.1.1) lib/active_support/callbacks.rb:229:in `block in halting'
  activesupport (4.1.1) lib/active_support/callbacks.rb:166:in `call'
  activesupport (4.1.1) lib/active_support/callbacks.rb:166:in `block in halting'
  activesupport (4.1.1) lib/active_support/callbacks.rb:166:in `call'
  activesupport (4.1.1) lib/active_support/callbacks.rb:166:in `block in halting'
  activesupport (4.1.1) lib/active_support/callbacks.rb:166:in `call'
  activesupport (4.1.1) lib/active_support/callbacks.rb:166:in `block in halting'
  activesupport (4.1.1) lib/active_support/callbacks.rb:86:in `call'
  activesupport (4.1.1) lib/active_support/callbacks.rb:86:in `run_callbacks'
  actionpack (4.1.1) lib/abstract_controller/callbacks.rb:19:in `process_action'
  actionpack (4.1.1) lib/action_controller/metal/rescue.rb:29:in `process_action'
  actionpack (4.1.1) lib/action_controller/metal/instrumentation.rb:31:in `block in process_action'
  activesupport (4.1.1) lib/active_support/notifications.rb:159:in `block in instrument'
  activesupport (4.1.1) lib/active_support/notifications/instrumenter.rb:20:in `instrument'
  activesupport (4.1.1) lib/active_support/notifications.rb:159:in `instrument'
  actionpack (4.1.1) lib/action_controller/metal/instrumentation.rb:30:in `process_action'
  actionpack (4.1.1) lib/action_controller/metal/params_wrapper.rb:250:in `process_action'
  activerecord (4.1.1) lib/active_record/railties/controller_runtime.rb:18:in `process_action'
  actionpack (4.1.1) lib/abstract_controller/base.rb:136:in `process'
  actionview (4.1.1) lib/action_view/rendering.rb:30:in `process'
  actionpack (4.1.1) lib/action_controller/metal.rb:195:in `dispatch'
  actionpack (4.1.1) lib/action_controller/metal/rack_delegation.rb:13:in `dispatch'
  actionpack (4.1.1) lib/action_controller/metal.rb:231:in `block in action'
  actionpack (4.1.1) lib/action_dispatch/routing/route_set.rb:80:in `call'
  actionpack (4.1.1) lib/action_dispatch/routing/route_set.rb:80:in `dispatch'
  actionpack (4.1.1) lib/action_dispatch/routing/route_set.rb:48:in `call'
  actionpack (4.1.1) lib/action_dispatch/journey/router.rb:71:in `block in call'
  actionpack (4.1.1) lib/action_dispatch/journey/router.rb:59:in `each'
  actionpack (4.1.1) lib/action_dispatch/journey/router.rb:59:in `call'
  actionpack (4.1.1) lib/action_dispatch/routing/route_set.rb:676:in `call'
  rack (1.5.2) lib/rack/etag.rb:23:in `call'
  rack (1.5.2) lib/rack/conditionalget.rb:25:in `call'
  rack (1.5.2) lib/rack/head.rb:11:in `call'
  actionpack (4.1.1) lib/action_dispatch/middleware/params_parser.rb:27:in `call'
  actionpack (4.1.1) lib/action_dispatch/middleware/flash.rb:254:in `call'
  rack (1.5.2) lib/rack/session/abstract/id.rb:225:in `context'
  rack (1.5.2) lib/rack/session/abstract/id.rb:220:in `call'
  actionpack (4.1.1) lib/action_dispatch/middleware/cookies.rb:560:in `call'
  activerecord (4.1.1) lib/active_record/query_cache.rb:36:in `call'
  activerecord (4.1.1) lib/active_record/connection_adapters/abstract/connection_pool.rb:621:in `call'
  activerecord (4.1.1) lib/active_record/migration.rb:380:in `call'
  actionpack (4.1.1) lib/action_dispatch/middleware/callbacks.rb:29:in `block in call'
  activesupport (4.1.1) lib/active_support/callbacks.rb:82:in `run_callbacks'
  actionpack (4.1.1) lib/action_dispatch/middleware/callbacks.rb:27:in `call'
  actionpack (4.1.1) lib/action_dispatch/middleware/reloader.rb:73:in `call'
  actionpack (4.1.1) lib/action_dispatch/middleware/remote_ip.rb:76:in `call'
  actionpack (4.1.1) lib/action_dispatch/middleware/debug_exceptions.rb:17:in `call'
  actionpack (4.1.1) lib/action_dispatch/middleware/show_exceptions.rb:30:in `call'
  railties (4.1.1) lib/rails/rack/logger.rb:38:in `call_app'
  railties (4.1.1) lib/rails/rack/logger.rb:20:in `block in call'
  activesupport (4.1.1) lib/active_support/tagged_logging.rb:68:in `block in tagged'
  activesupport (4.1.1) lib/active_support/tagged_logging.rb:26:in `tagged'
  activesupport (4.1.1) lib/active_support/tagged_logging.rb:68:in `tagged'
  railties (4.1.1) lib/rails/rack/logger.rb:20:in `call'
  actionpack (4.1.1) lib/action_dispatch/middleware/request_id.rb:21:in `call'
  rack (1.5.2) lib/rack/methodoverride.rb:21:in `call'
  rack (1.5.2) lib/rack/runtime.rb:17:in `call'
  activesupport (4.1.1) lib/active_support/cache/strategy/local_cache_middleware.rb:26:in `call'
  rack (1.5.2) lib/rack/lock.rb:17:in `call'
  actionpack (4.1.1) lib/action_dispatch/middleware/static.rb:64:in `call'
  rack (1.5.2) lib/rack/sendfile.rb:112:in `call'
  railties (4.1.1) lib/rails/engine.rb:514:in `call'
  railties (4.1.1) lib/rails/application.rb:144:in `call'
  rack (1.5.2) lib/rack/lock.rb:17:in `call'
  rack (1.5.2) lib/rack/content_length.rb:14:in `call'
  rack (1.5.2) lib/rack/handler/webrick.rb:60:in `service'
  /home/anil/.rvm/rubies/ruby-2.1.2/lib/ruby/2.1.0/webrick/httpserver.rb:138:in `service'
  /home/anil/.rvm/rubies/ruby-2.1.2/lib/ruby/2.1.0/webrick/httpserver.rb:94:in `run'
  /home/anil/.rvm/rubies/ruby-2.1.2/lib/ruby/2.1.0/webrick/server.rb:295:in `block in start_thread'


  Rendered /home/anil/.rvm/gems/ruby-2.1.2@21nautica/gems/actionpack-4.1.1/lib/action_dispatch/middleware/templates/rescues/_source.erb (0.5ms)
  Rendered /home/anil/.rvm/gems/ruby-2.1.2@21nautica/gems/actionpack-4.1.1/lib/action_dispatch/middleware/templates/rescues/_trace.html.erb (1.2ms)
  Rendered /home/anil/.rvm/gems/ruby-2.1.2@21nautica/gems/actionpack-4.1.1/lib/action_dispatch/middleware/templates/rescues/_request_and_response.html.erb (1.0ms)
  Rendered /home/anil/.rvm/gems/ruby-2.1.2@21nautica/gems/actionpack-4.1.1/lib/action_dispatch/middleware/templates/rescues/diagnostics.erb within rescues/layout (14.9ms)


Started GET "/" for 127.0.0.1 at 2014-07-16 12:02:37 +0530
Processing by WelcomeController#index as HTML
  Rendered welcome/index.html.haml within layouts/application (0.7ms)
Completed 500 Internal Server Error in 5ms

SyntaxError (/home/anil/work/21nautica/app/views/layouts/application.html.haml:5: syntax error, unexpected '>'
/home/anil/work/21nautica/app/views/layouts/application.html.haml:7: syntax error, unexpected '}', expecting tSTRING_DEND
));}\n    #{_hamlout.format_scrip...
    ^
/home/anil/work/21nautica/app/views/layouts/application.html.haml:8: unknown regexp options - had
/home/anil/work/21nautica/app/views/layouts/application.html.haml:8: syntax error, unexpected $undefined
...0' name='viewport'>\n  </head>\n  <body>\n    <div class='fl...
...                               ^
/home/anil/work/21nautica/app/views/layouts/application.html.haml:8: syntax error, unexpected $undefined
...iewport'>\n  </head>\n  <body>\n    <div class='flash_messag...
...                               ^
/home/anil/work/21nautica/app/views/layouts/application.html.haml:8: syntax error, unexpected keyword_class, expecting keyword_do or '{' or '('
...head>\n  <body>\n    <div class='flash_messages global'>\n  ...
...                               ^
/home/anil/work/21nautica/app/views/layouts/application.html.haml:8: syntax error, unexpected $undefined
...class='flash_messages global'>\n      #{_hamlout.adjust_tabs...
...                               ^
/home/anil/work/21nautica/app/views/layouts/application.html.haml:14: syntax error, unexpected '}', expecting tSTRING_DEND
));}\n    </div>\n    <div class='wrapper'>\n      #{
    ^
/home/anil/work/21nautica/app/views/layouts/application.html.haml:19: unknown regexp options - dv
/home/anil/work/21nautica/app/views/layouts/application.html.haml:19: syntax error, unexpected $undefined
));}\n        </div>\n      </div>\n      <div cla...
                     ^
/home/anil/work/21nautica/app/views/layouts/application.html.haml:21: unknown regexp options - dv
/home/anil/work/21nautica/app/views/layouts/application.html.haml:21: syntax error, unexpected $undefined
));}\n      </div>\n    </div>\n  </body>\n</htm...
                   ^
/home/anil/work/21nautica/app/views/layouts/application.html.haml:21: unknown regexp options - bdy
/home/anil/work/21nautica/app/views/layouts/application.html.haml:21: syntax error, unexpected $undefined
... </div>\n    </div>\n  </body>\n</html>\n", -4, false);::Ham...
...                               ^
/home/anil/work/21nautica/app/views/layouts/application.html.haml:21: unterminated regexp meets end of file
/home/anil/work/21nautica/app/views/layouts/application.html.haml:21: syntax error, unexpected end-of-input, expecting tSTRING_DEND):
  actionview (4.1.1) lib/action_view/template.rb:297:in `module_eval'
  actionview (4.1.1) lib/action_view/template.rb:297:in `compile'
  actionview (4.1.1) lib/action_view/template.rb:245:in `block (2 levels) in compile!'
  activesupport (4.1.1) lib/active_support/notifications.rb:161:in `instrument'
  actionview (4.1.1) lib/action_view/template.rb:339:in `instrument'
  actionview (4.1.1) lib/action_view/template.rb:244:in `block in compile!'
  actionview (4.1.1) lib/action_view/template.rb:232:in `synchronize'
  actionview (4.1.1) lib/action_view/template.rb:232:in `compile!'
  actionview (4.1.1) lib/action_view/template.rb:144:in `block in render'
  activesupport (4.1.1) lib/active_support/notifications.rb:161:in `instrument'
  actionview (4.1.1) lib/action_view/template.rb:339:in `instrument'
  actionview (4.1.1) lib/action_view/template.rb:143:in `render'
  actionview (4.1.1) lib/action_view/renderer/template_renderer.rb:67:in `render_with_layout'
  actionview (4.1.1) lib/action_view/renderer/template_renderer.rb:53:in `render_template'
  actionview (4.1.1) lib/action_view/renderer/template_renderer.rb:17:in `render'
  actionview (4.1.1) lib/action_view/renderer/renderer.rb:42:in `render_template'
  actionview (4.1.1) lib/action_view/renderer/renderer.rb:23:in `render'
  actionview (4.1.1) lib/action_view/rendering.rb:99:in `_render_template'
  actionpack (4.1.1) lib/action_controller/metal/streaming.rb:217:in `_render_template'
  actionview (4.1.1) lib/action_view/rendering.rb:82:in `render_to_body'
  actionpack (4.1.1) lib/action_controller/metal/rendering.rb:32:in `render_to_body'
  actionpack (4.1.1) lib/action_controller/metal/renderers.rb:32:in `render_to_body'
  actionpack (4.1.1) lib/abstract_controller/rendering.rb:25:in `render'
  actionpack (4.1.1) lib/action_controller/metal/rendering.rb:16:in `render'
  actionpack (4.1.1) lib/action_controller/metal/instrumentation.rb:41:in `block (2 levels) in render'
  activesupport (4.1.1) lib/active_support/core_ext/benchmark.rb:12:in `block in ms'
  /home/anil/.rvm/rubies/ruby-2.1.2/lib/ruby/2.1.0/benchmark.rb:294:in `realtime'
  activesupport (4.1.1) lib/active_support/core_ext/benchmark.rb:12:in `ms'
  actionpack (4.1.1) lib/action_controller/metal/instrumentation.rb:41:in `block in render'
  actionpack (4.1.1) lib/action_controller/metal/instrumentation.rb:84:in `cleanup_view_runtime'
  activerecord (4.1.1) lib/active_record/railties/controller_runtime.rb:25:in `cleanup_view_runtime'
  actionpack (4.1.1) lib/action_controller/metal/instrumentation.rb:40:in `render'
  actionpack (4.1.1) lib/action_controller/metal/implicit_render.rb:10:in `default_render'
  actionpack (4.1.1) lib/action_controller/metal/implicit_render.rb:4:in `send_action'
  actionpack (4.1.1) lib/abstract_controller/base.rb:189:in `process_action'
  actionpack (4.1.1) lib/action_controller/metal/rendering.rb:10:in `process_action'
  actionpack (4.1.1) lib/abstract_controller/callbacks.rb:20:in `block in process_action'
  activesupport (4.1.1) lib/active_support/callbacks.rb:113:in `call'
  activesupport (4.1.1) lib/active_support/callbacks.rb:113:in `call'
  activesupport (4.1.1) lib/active_support/callbacks.rb:229:in `block in halting'
  activesupport (4.1.1) lib/active_support/callbacks.rb:229:in `call'
  activesupport (4.1.1) lib/active_support/callbacks.rb:229:in `block in halting'
  activesupport (4.1.1) lib/active_support/callbacks.rb:166:in `call'
  activesupport (4.1.1) lib/active_support/callbacks.rb:166:in `block in halting'
  activesupport (4.1.1) lib/active_support/callbacks.rb:166:in `call'
  activesupport (4.1.1) lib/active_support/callbacks.rb:166:in `block in halting'
  activesupport (4.1.1) lib/active_support/callbacks.rb:166:in `call'
  activesupport (4.1.1) lib/active_support/callbacks.rb:166:in `block in halting'
  activesupport (4.1.1) lib/active_support/callbacks.rb:86:in `call'
  activesupport (4.1.1) lib/active_support/callbacks.rb:86:in `run_callbacks'
  actionpack (4.1.1) lib/abstract_controller/callbacks.rb:19:in `process_action'
  actionpack (4.1.1) lib/action_controller/metal/rescue.rb:29:in `process_action'
  actionpack (4.1.1) lib/action_controller/metal/instrumentation.rb:31:in `block in process_action'
  activesupport (4.1.1) lib/active_support/notifications.rb:159:in `block in instrument'
  activesupport (4.1.1) lib/active_support/notifications/instrumenter.rb:20:in `instrument'
  activesupport (4.1.1) lib/active_support/notifications.rb:159:in `instrument'
  actionpack (4.1.1) lib/action_controller/metal/instrumentation.rb:30:in `process_action'
  actionpack (4.1.1) lib/action_controller/metal/params_wrapper.rb:250:in `process_action'
  activerecord (4.1.1) lib/active_record/railties/controller_runtime.rb:18:in `process_action'
  actionpack (4.1.1) lib/abstract_controller/base.rb:136:in `process'
  actionview (4.1.1) lib/action_view/rendering.rb:30:in `process'
  actionpack (4.1.1) lib/action_controller/metal.rb:195:in `dispatch'
  actionpack (4.1.1) lib/action_controller/metal/rack_delegation.rb:13:in `dispatch'
  actionpack (4.1.1) lib/action_controller/metal.rb:231:in `block in action'
  actionpack (4.1.1) lib/action_dispatch/routing/route_set.rb:80:in `call'
  actionpack (4.1.1) lib/action_dispatch/routing/route_set.rb:80:in `dispatch'
  actionpack (4.1.1) lib/action_dispatch/routing/route_set.rb:48:in `call'
  actionpack (4.1.1) lib/action_dispatch/journey/router.rb:71:in `block in call'
  actionpack (4.1.1) lib/action_dispatch/journey/router.rb:59:in `each'
  actionpack (4.1.1) lib/action_dispatch/journey/router.rb:59:in `call'
  actionpack (4.1.1) lib/action_dispatch/routing/route_set.rb:676:in `call'
  rack (1.5.2) lib/rack/etag.rb:23:in `call'
  rack (1.5.2) lib/rack/conditionalget.rb:25:in `call'
  rack (1.5.2) lib/rack/head.rb:11:in `call'
  actionpack (4.1.1) lib/action_dispatch/middleware/params_parser.rb:27:in `call'
  actionpack (4.1.1) lib/action_dispatch/middleware/flash.rb:254:in `call'
  rack (1.5.2) lib/rack/session/abstract/id.rb:225:in `context'
  rack (1.5.2) lib/rack/session/abstract/id.rb:220:in `call'
  actionpack (4.1.1) lib/action_dispatch/middleware/cookies.rb:560:in `call'
  activerecord (4.1.1) lib/active_record/query_cache.rb:36:in `call'
  activerecord (4.1.1) lib/active_record/connection_adapters/abstract/connection_pool.rb:621:in `call'
  activerecord (4.1.1) lib/active_record/migration.rb:380:in `call'
  actionpack (4.1.1) lib/action_dispatch/middleware/callbacks.rb:29:in `block in call'
  activesupport (4.1.1) lib/active_support/callbacks.rb:82:in `run_callbacks'
  actionpack (4.1.1) lib/action_dispatch/middleware/callbacks.rb:27:in `call'
  actionpack (4.1.1) lib/action_dispatch/middleware/reloader.rb:73:in `call'
  actionpack (4.1.1) lib/action_dispatch/middleware/remote_ip.rb:76:in `call'
  actionpack (4.1.1) lib/action_dispatch/middleware/debug_exceptions.rb:17:in `call'
  actionpack (4.1.1) lib/action_dispatch/middleware/show_exceptions.rb:30:in `call'
  railties (4.1.1) lib/rails/rack/logger.rb:38:in `call_app'
  railties (4.1.1) lib/rails/rack/logger.rb:20:in `block in call'
  activesupport (4.1.1) lib/active_support/tagged_logging.rb:68:in `block in tagged'
  activesupport (4.1.1) lib/active_support/tagged_logging.rb:26:in `tagged'
  activesupport (4.1.1) lib/active_support/tagged_logging.rb:68:in `tagged'
  railties (4.1.1) lib/rails/rack/logger.rb:20:in `call'
  actionpack (4.1.1) lib/action_dispatch/middleware/request_id.rb:21:in `call'
  rack (1.5.2) lib/rack/methodoverride.rb:21:in `call'
  rack (1.5.2) lib/rack/runtime.rb:17:in `call'
  activesupport (4.1.1) lib/active_support/cache/strategy/local_cache_middleware.rb:26:in `call'
  rack (1.5.2) lib/rack/lock.rb:17:in `call'
  actionpack (4.1.1) lib/action_dispatch/middleware/static.rb:64:in `call'
  rack (1.5.2) lib/rack/sendfile.rb:112:in `call'
  railties (4.1.1) lib/rails/engine.rb:514:in `call'
  railties (4.1.1) lib/rails/application.rb:144:in `call'
  rack (1.5.2) lib/rack/lock.rb:17:in `call'
  rack (1.5.2) lib/rack/content_length.rb:14:in `call'
  rack (1.5.2) lib/rack/handler/webrick.rb:60:in `service'
  /home/anil/.rvm/rubies/ruby-2.1.2/lib/ruby/2.1.0/webrick/httpserver.rb:138:in `service'
  /home/anil/.rvm/rubies/ruby-2.1.2/lib/ruby/2.1.0/webrick/httpserver.rb:94:in `run'
  /home/anil/.rvm/rubies/ruby-2.1.2/lib/ruby/2.1.0/webrick/server.rb:295:in `block in start_thread'


  Rendered /home/anil/.rvm/gems/ruby-2.1.2@21nautica/gems/actionpack-4.1.1/lib/action_dispatch/middleware/templates/rescues/_source.erb (0.9ms)
  Rendered /home/anil/.rvm/gems/ruby-2.1.2@21nautica/gems/actionpack-4.1.1/lib/action_dispatch/middleware/templates/rescues/_trace.html.erb (1.3ms)
  Rendered /home/anil/.rvm/gems/ruby-2.1.2@21nautica/gems/actionpack-4.1.1/lib/action_dispatch/middleware/templates/rescues/_request_and_response.html.erb (0.9ms)
  Rendered /home/anil/.rvm/gems/ruby-2.1.2@21nautica/gems/actionpack-4.1.1/lib/action_dispatch/middleware/templates/rescues/diagnostics.erb within rescues/layout (16.4ms)


Started GET "/" for 127.0.0.1 at 2014-07-16 12:02:39 +0530
Processing by WelcomeController#index as HTML
  Rendered welcome/index.html.haml within layouts/application (0.1ms)
Completed 500 Internal Server Error in 5ms

SyntaxError (/home/anil/work/21nautica/app/views/layouts/application.html.haml:5: syntax error, unexpected '>'
/home/anil/work/21nautica/app/views/layouts/application.html.haml:7: syntax error, unexpected '}', expecting tSTRING_DEND
));}\n    #{_hamlout.format_scrip...
    ^
/home/anil/work/21nautica/app/views/layouts/application.html.haml:8: unknown regexp options - had
/home/anil/work/21nautica/app/views/layouts/application.html.haml:8: syntax error, unexpected $undefined
...0' name='viewport'>\n  </head>\n  <body>\n    <div class='fl...
...                               ^
/home/anil/work/21nautica/app/views/layouts/application.html.haml:8: syntax error, unexpected $undefined
...iewport'>\n  </head>\n  <body>\n    <div class='flash_messag...
...                               ^
/home/anil/work/21nautica/app/views/layouts/application.html.haml:8: syntax error, unexpected keyword_class, expecting keyword_do or '{' or '('
...head>\n  <body>\n    <div class='flash_messages global'>\n  ...
...                               ^
/home/anil/work/21nautica/app/views/layouts/application.html.haml:8: syntax error, unexpected $undefined
...class='flash_messages global'>\n      #{_hamlout.adjust_tabs...
...                               ^
/home/anil/work/21nautica/app/views/layouts/application.html.haml:14: syntax error, unexpected '}', expecting tSTRING_DEND
));}\n    </div>\n    <div class='wrapper'>\n      #{
    ^
/home/anil/work/21nautica/app/views/layouts/application.html.haml:19: unknown regexp options - dv
/home/anil/work/21nautica/app/views/layouts/application.html.haml:19: syntax error, unexpected $undefined
));}\n        </div>\n      </div>\n      <div cla...
                     ^
/home/anil/work/21nautica/app/views/layouts/application.html.haml:21: unknown regexp options - dv
/home/anil/work/21nautica/app/views/layouts/application.html.haml:21: syntax error, unexpected $undefined
));}\n      </div>\n    </div>\n  </body>\n</htm...
                   ^
/home/anil/work/21nautica/app/views/layouts/application.html.haml:21: unknown regexp options - bdy
/home/anil/work/21nautica/app/views/layouts/application.html.haml:21: syntax error, unexpected $undefined
... </div>\n    </div>\n  </body>\n</html>\n", -4, false);::Ham...
...                               ^
/home/anil/work/21nautica/app/views/layouts/application.html.haml:21: unterminated regexp meets end of file
/home/anil/work/21nautica/app/views/layouts/application.html.haml:21: syntax error, unexpected end-of-input, expecting tSTRING_DEND):
  actionview (4.1.1) lib/action_view/template.rb:297:in `module_eval'
  actionview (4.1.1) lib/action_view/template.rb:297:in `compile'
  actionview (4.1.1) lib/action_view/template.rb:245:in `block (2 levels) in compile!'
  activesupport (4.1.1) lib/active_support/notifications.rb:161:in `instrument'
  actionview (4.1.1) lib/action_view/template.rb:339:in `instrument'
  actionview (4.1.1) lib/action_view/template.rb:244:in `block in compile!'
  actionview (4.1.1) lib/action_view/template.rb:232:in `synchronize'
  actionview (4.1.1) lib/action_view/template.rb:232:in `compile!'
  actionview (4.1.1) lib/action_view/template.rb:144:in `block in render'
  activesupport (4.1.1) lib/active_support/notifications.rb:161:in `instrument'
  actionview (4.1.1) lib/action_view/template.rb:339:in `instrument'
  actionview (4.1.1) lib/action_view/template.rb:143:in `render'
  actionview (4.1.1) lib/action_view/renderer/template_renderer.rb:67:in `render_with_layout'
  actionview (4.1.1) lib/action_view/renderer/template_renderer.rb:53:in `render_template'
  actionview (4.1.1) lib/action_view/renderer/template_renderer.rb:17:in `render'
  actionview (4.1.1) lib/action_view/renderer/renderer.rb:42:in `render_template'
  actionview (4.1.1) lib/action_view/renderer/renderer.rb:23:in `render'
  actionview (4.1.1) lib/action_view/rendering.rb:99:in `_render_template'
  actionpack (4.1.1) lib/action_controller/metal/streaming.rb:217:in `_render_template'
  actionview (4.1.1) lib/action_view/rendering.rb:82:in `render_to_body'
  actionpack (4.1.1) lib/action_controller/metal/rendering.rb:32:in `render_to_body'
  actionpack (4.1.1) lib/action_controller/metal/renderers.rb:32:in `render_to_body'
  actionpack (4.1.1) lib/abstract_controller/rendering.rb:25:in `render'
  actionpack (4.1.1) lib/action_controller/metal/rendering.rb:16:in `render'
  actionpack (4.1.1) lib/action_controller/metal/instrumentation.rb:41:in `block (2 levels) in render'
  activesupport (4.1.1) lib/active_support/core_ext/benchmark.rb:12:in `block in ms'
  /home/anil/.rvm/rubies/ruby-2.1.2/lib/ruby/2.1.0/benchmark.rb:294:in `realtime'
  activesupport (4.1.1) lib/active_support/core_ext/benchmark.rb:12:in `ms'
  actionpack (4.1.1) lib/action_controller/metal/instrumentation.rb:41:in `block in render'
  actionpack (4.1.1) lib/action_controller/metal/instrumentation.rb:84:in `cleanup_view_runtime'
  activerecord (4.1.1) lib/active_record/railties/controller_runtime.rb:25:in `cleanup_view_runtime'
  actionpack (4.1.1) lib/action_controller/metal/instrumentation.rb:40:in `render'
  actionpack (4.1.1) lib/action_controller/metal/implicit_render.rb:10:in `default_render'
  actionpack (4.1.1) lib/action_controller/metal/implicit_render.rb:4:in `send_action'
  actionpack (4.1.1) lib/abstract_controller/base.rb:189:in `process_action'
  actionpack (4.1.1) lib/action_controller/metal/rendering.rb:10:in `process_action'
  actionpack (4.1.1) lib/abstract_controller/callbacks.rb:20:in `block in process_action'
  activesupport (4.1.1) lib/active_support/callbacks.rb:113:in `call'
  activesupport (4.1.1) lib/active_support/callbacks.rb:113:in `call'
  activesupport (4.1.1) lib/active_support/callbacks.rb:229:in `block in halting'
  activesupport (4.1.1) lib/active_support/callbacks.rb:229:in `call'
  activesupport (4.1.1) lib/active_support/callbacks.rb:229:in `block in halting'
  activesupport (4.1.1) lib/active_support/callbacks.rb:166:in `call'
  activesupport (4.1.1) lib/active_support/callbacks.rb:166:in `block in halting'
  activesupport (4.1.1) lib/active_support/callbacks.rb:166:in `call'
  activesupport (4.1.1) lib/active_support/callbacks.rb:166:in `block in halting'
  activesupport (4.1.1) lib/active_support/callbacks.rb:166:in `call'
  activesupport (4.1.1) lib/active_support/callbacks.rb:166:in `block in halting'
  activesupport (4.1.1) lib/active_support/callbacks.rb:86:in `call'
  activesupport (4.1.1) lib/active_support/callbacks.rb:86:in `run_callbacks'
  actionpack (4.1.1) lib/abstract_controller/callbacks.rb:19:in `process_action'
  actionpack (4.1.1) lib/action_controller/metal/rescue.rb:29:in `process_action'
  actionpack (4.1.1) lib/action_controller/metal/instrumentation.rb:31:in `block in process_action'
  activesupport (4.1.1) lib/active_support/notifications.rb:159:in `block in instrument'
  activesupport (4.1.1) lib/active_support/notifications/instrumenter.rb:20:in `instrument'
  activesupport (4.1.1) lib/active_support/notifications.rb:159:in `instrument'
  actionpack (4.1.1) lib/action_controller/metal/instrumentation.rb:30:in `process_action'
  actionpack (4.1.1) lib/action_controller/metal/params_wrapper.rb:250:in `process_action'
  activerecord (4.1.1) lib/active_record/railties/controller_runtime.rb:18:in `process_action'
  actionpack (4.1.1) lib/abstract_controller/base.rb:136:in `process'
  actionview (4.1.1) lib/action_view/rendering.rb:30:in `process'
  actionpack (4.1.1) lib/action_controller/metal.rb:195:in `dispatch'
  actionpack (4.1.1) lib/action_controller/metal/rack_delegation.rb:13:in `dispatch'
  actionpack (4.1.1) lib/action_controller/metal.rb:231:in `block in action'
  actionpack (4.1.1) lib/action_dispatch/routing/route_set.rb:80:in `call'
  actionpack (4.1.1) lib/action_dispatch/routing/route_set.rb:80:in `dispatch'
  actionpack (4.1.1) lib/action_dispatch/routing/route_set.rb:48:in `call'
  actionpack (4.1.1) lib/action_dispatch/journey/router.rb:71:in `block in call'
  actionpack (4.1.1) lib/action_dispatch/journey/router.rb:59:in `each'
  actionpack (4.1.1) lib/action_dispatch/journey/router.rb:59:in `call'
  actionpack (4.1.1) lib/action_dispatch/routing/route_set.rb:676:in `call'
  rack (1.5.2) lib/rack/etag.rb:23:in `call'
  rack (1.5.2) lib/rack/conditionalget.rb:25:in `call'
  rack (1.5.2) lib/rack/head.rb:11:in `call'
  actionpack (4.1.1) lib/action_dispatch/middleware/params_parser.rb:27:in `call'
  actionpack (4.1.1) lib/action_dispatch/middleware/flash.rb:254:in `call'
  rack (1.5.2) lib/rack/session/abstract/id.rb:225:in `context'
  rack (1.5.2) lib/rack/session/abstract/id.rb:220:in `call'
  actionpack (4.1.1) lib/action_dispatch/middleware/cookies.rb:560:in `call'
  activerecord (4.1.1) lib/active_record/query_cache.rb:36:in `call'
  activerecord (4.1.1) lib/active_record/connection_adapters/abstract/connection_pool.rb:621:in `call'
  activerecord (4.1.1) lib/active_record/migration.rb:380:in `call'
  actionpack (4.1.1) lib/action_dispatch/middleware/callbacks.rb:29:in `block in call'
  activesupport (4.1.1) lib/active_support/callbacks.rb:82:in `run_callbacks'
  actionpack (4.1.1) lib/action_dispatch/middleware/callbacks.rb:27:in `call'
  actionpack (4.1.1) lib/action_dispatch/middleware/reloader.rb:73:in `call'
  actionpack (4.1.1) lib/action_dispatch/middleware/remote_ip.rb:76:in `call'
  actionpack (4.1.1) lib/action_dispatch/middleware/debug_exceptions.rb:17:in `call'
  actionpack (4.1.1) lib/action_dispatch/middleware/show_exceptions.rb:30:in `call'
  railties (4.1.1) lib/rails/rack/logger.rb:38:in `call_app'
  railties (4.1.1) lib/rails/rack/logger.rb:20:in `block in call'
  activesupport (4.1.1) lib/active_support/tagged_logging.rb:68:in `block in tagged'
  activesupport (4.1.1) lib/active_support/tagged_logging.rb:26:in `tagged'
  activesupport (4.1.1) lib/active_support/tagged_logging.rb:68:in `tagged'
  railties (4.1.1) lib/rails/rack/logger.rb:20:in `call'
  actionpack (4.1.1) lib/action_dispatch/middleware/request_id.rb:21:in `call'
  rack (1.5.2) lib/rack/methodoverride.rb:21:in `call'
  rack (1.5.2) lib/rack/runtime.rb:17:in `call'
  activesupport (4.1.1) lib/active_support/cache/strategy/local_cache_middleware.rb:26:in `call'
  rack (1.5.2) lib/rack/lock.rb:17:in `call'
  actionpack (4.1.1) lib/action_dispatch/middleware/static.rb:64:in `call'
  rack (1.5.2) lib/rack/sendfile.rb:112:in `call'
  railties (4.1.1) lib/rails/engine.rb:514:in `call'
  railties (4.1.1) lib/rails/application.rb:144:in `call'
  rack (1.5.2) lib/rack/lock.rb:17:in `call'
  rack (1.5.2) lib/rack/content_length.rb:14:in `call'
  rack (1.5.2) lib/rack/handler/webrick.rb:60:in `service'
  /home/anil/.rvm/rubies/ruby-2.1.2/lib/ruby/2.1.0/webrick/httpserver.rb:138:in `service'
  /home/anil/.rvm/rubies/ruby-2.1.2/lib/ruby/2.1.0/webrick/httpserver.rb:94:in `run'
  /home/anil/.rvm/rubies/ruby-2.1.2/lib/ruby/2.1.0/webrick/server.rb:295:in `block in start_thread'


  Rendered /home/anil/.rvm/gems/ruby-2.1.2@21nautica/gems/actionpack-4.1.1/lib/action_dispatch/middleware/templates/rescues/_source.erb (0.6ms)
  Rendered /home/anil/.rvm/gems/ruby-2.1.2@21nautica/gems/actionpack-4.1.1/lib/action_dispatch/middleware/templates/rescues/_trace.html.erb (1.2ms)
  Rendered /home/anil/.rvm/gems/ruby-2.1.2@21nautica/gems/actionpack-4.1.1/lib/action_dispatch/middleware/templates/rescues/_request_and_response.html.erb (0.9ms)
  Rendered /home/anil/.rvm/gems/ruby-2.1.2@21nautica/gems/actionpack-4.1.1/lib/action_dispatch/middleware/templates/rescues/diagnostics.erb within rescues/layout (16.0ms)


Started GET "/" for 127.0.0.1 at 2014-07-16 12:03:10 +0530
Processing by WelcomeController#index as HTML
  Rendered welcome/index.html.haml within layouts/application (0.2ms)
Completed 500 Internal Server Error in 6ms

SyntaxError (/home/anil/work/21nautica/app/views/layouts/application.html.haml:8: syntax error, unexpected $undefined, expecting ')'
...);}\n    <!-- / Responsive -->\n    <meta content='width=dev...
...                               ^
/home/anil/work/21nautica/app/views/layouts/application.html.haml:8: syntax error, unexpected tIDENTIFIER, expecting keyword_do or '{' or '('
...sponsive -->\n    <meta content='width=device-width, initial...
...                               ^
/home/anil/work/21nautica/app/views/layouts/application.html.haml:8: syntax error, unexpected tIDENTIFIER, expecting ')'
...-width, initial-scale=1.0' name='viewport'>\n  </head>\n  <b...
...                               ^
/home/anil/work/21nautica/app/views/layouts/application.html.haml:8: syntax error, unexpected $undefined
...al-scale=1.0' name='viewport'>\n  </head>\n  <body>\n    <di...
...                               ^
/home/anil/work/21nautica/app/views/layouts/application.html.haml:14: unknown regexp options - dv
/home/anil/work/21nautica/app/views/layouts/application.html.haml:14: syntax error, unexpected $undefined
));}\n    </div>\n    <div class='wrapper'>\n      #{
                 ^
/home/anil/work/21nautica/app/views/layouts/application.html.haml:14: syntax error, unexpected keyword_class, expecting keyword_do or '{' or '('
));}\n    </div>\n    <div class='wrapper'>\n      #{
                                ^
/home/anil/work/21nautica/app/views/layouts/application.html.haml:14: syntax error, unexpected $undefined
));}\n    </div>\n    <div class='wrapper'>\n      #{
                                            ^
/home/anil/work/21nautica/app/views/layouts/application.html.haml:16: syntax error, unexpected tSTRING_DEND, expecting ')'
));}\n      <div class='container...
    ^
/home/anil/work/21nautica/app/views/layouts/application.html.haml:16: syntax error, unexpected keyword_class, expecting keyword_do or '{' or '('
));}\n      <div class='container'>\n        <div c...
                      ^
/home/anil/work/21nautica/app/views/layouts/application.html.haml:16: syntax error, unexpected $undefined
...n      <div class='container'>\n        <div class='row-flui...
...                               ^
/home/anil/work/21nautica/app/views/layouts/application.html.haml:16: syntax error, unexpected keyword_class, expecting keyword_do or '{' or '('
...container'>\n        <div class='row-fluid'>\n          #{_h...
...                               ^
/home/anil/work/21nautica/app/views/layouts/application.html.haml:16: syntax error, unexpected $undefined
...       <div class='row-fluid'>\n          #{_hamlout.adjust_...
...                               ^
/home/anil/work/21nautica/app/views/layouts/application.html.haml:19: syntax error, unexpected '}', expecting ')'
));}\n        </div>\n      </div...
    ^
/home/anil/work/21nautica/app/views/layouts/application.html.haml:19: unknown regexp options - dv
/home/anil/work/21nautica/app/views/layouts/application.html.haml:19: syntax error, unexpected $undefined
...\n        </div>\n      </div>\n      <div class='footer'>\n...
...                               ^
/home/anil/work/21nautica/app/views/layouts/application.html.haml:19: syntax error, unexpected keyword_class, expecting keyword_do or '{' or '('
...n      </div>\n      <div class='footer'>\n        #{_hamlou...
...                               ^
/home/anil/work/21nautica/app/views/layouts/application.html.haml:19: syntax error, unexpected $undefined
...v>\n      <div class='footer'>\n        #{_hamlout.adjust_ta...
...                               ^
/home/anil/work/21nautica/app/views/layouts/application.html.haml:21: syntax error, unexpected '}', expecting ')'
));}\n      </div>\n    </div>\n ...
    ^
/home/anil/work/21nautica/app/views/layouts/application.html.haml:21: unknown regexp options - dv
/home/anil/work/21nautica/app/views/layouts/application.html.haml:21: syntax error, unexpected $undefined
...));}\n      </div>\n    </div>\n  </body>\n</html>\n", -4, f...
...                               ^
/home/anil/work/21nautica/app/views/layouts/application.html.haml:21: unknown regexp options - htl
/home/anil/work/21nautica/app/views/layouts/application.html.haml:21: syntax error, unexpected $undefined
...    </div>\n  </body>\n</html>\n", -4, false);::Haml::Util.h...
...                               ^
/home/anil/work/21nautica/app/views/layouts/application.html.haml:21: unterminated string meets end of file
/home/anil/work/21nautica/app/views/layouts/application.html.haml:21: syntax error, unexpected end-of-input, expecting ')'):
  actionview (4.1.1) lib/action_view/template.rb:297:in `module_eval'
  actionview (4.1.1) lib/action_view/template.rb:297:in `compile'
  actionview (4.1.1) lib/action_view/template.rb:245:in `block (2 levels) in compile!'
  activesupport (4.1.1) lib/active_support/notifications.rb:161:in `instrument'
  actionview (4.1.1) lib/action_view/template.rb:339:in `instrument'
  actionview (4.1.1) lib/action_view/template.rb:244:in `block in compile!'
  actionview (4.1.1) lib/action_view/template.rb:232:in `synchronize'
  actionview (4.1.1) lib/action_view/template.rb:232:in `compile!'
  actionview (4.1.1) lib/action_view/template.rb:144:in `block in render'
  activesupport (4.1.1) lib/active_support/notifications.rb:161:in `instrument'
  actionview (4.1.1) lib/action_view/template.rb:339:in `instrument'
  actionview (4.1.1) lib/action_view/template.rb:143:in `render'
  actionview (4.1.1) lib/action_view/renderer/template_renderer.rb:67:in `render_with_layout'
  actionview (4.1.1) lib/action_view/renderer/template_renderer.rb:53:in `render_template'
  actionview (4.1.1) lib/action_view/renderer/template_renderer.rb:17:in `render'
  actionview (4.1.1) lib/action_view/renderer/renderer.rb:42:in `render_template'
  actionview (4.1.1) lib/action_view/renderer/renderer.rb:23:in `render'
  actionview (4.1.1) lib/action_view/rendering.rb:99:in `_render_template'
  actionpack (4.1.1) lib/action_controller/metal/streaming.rb:217:in `_render_template'
  actionview (4.1.1) lib/action_view/rendering.rb:82:in `render_to_body'
  actionpack (4.1.1) lib/action_controller/metal/rendering.rb:32:in `render_to_body'
  actionpack (4.1.1) lib/action_controller/metal/renderers.rb:32:in `render_to_body'
  actionpack (4.1.1) lib/abstract_controller/rendering.rb:25:in `render'
  actionpack (4.1.1) lib/action_controller/metal/rendering.rb:16:in `render'
  actionpack (4.1.1) lib/action_controller/metal/instrumentation.rb:41:in `block (2 levels) in render'
  activesupport (4.1.1) lib/active_support/core_ext/benchmark.rb:12:in `block in ms'
  /home/anil/.rvm/rubies/ruby-2.1.2/lib/ruby/2.1.0/benchmark.rb:294:in `realtime'
  activesupport (4.1.1) lib/active_support/core_ext/benchmark.rb:12:in `ms'
  actionpack (4.1.1) lib/action_controller/metal/instrumentation.rb:41:in `block in render'
  actionpack (4.1.1) lib/action_controller/metal/instrumentation.rb:84:in `cleanup_view_runtime'
  activerecord (4.1.1) lib/active_record/railties/controller_runtime.rb:25:in `cleanup_view_runtime'
  actionpack (4.1.1) lib/action_controller/metal/instrumentation.rb:40:in `render'
  actionpack (4.1.1) lib/action_controller/metal/implicit_render.rb:10:in `default_render'
  actionpack (4.1.1) lib/action_controller/metal/implicit_render.rb:4:in `send_action'
  actionpack (4.1.1) lib/abstract_controller/base.rb:189:in `process_action'
  actionpack (4.1.1) lib/action_controller/metal/rendering.rb:10:in `process_action'
  actionpack (4.1.1) lib/abstract_controller/callbacks.rb:20:in `block in process_action'
  activesupport (4.1.1) lib/active_support/callbacks.rb:113:in `call'
  activesupport (4.1.1) lib/active_support/callbacks.rb:113:in `call'
  activesupport (4.1.1) lib/active_support/callbacks.rb:229:in `block in halting'
  activesupport (4.1.1) lib/active_support/callbacks.rb:229:in `call'
  activesupport (4.1.1) lib/active_support/callbacks.rb:229:in `block in halting'
  activesupport (4.1.1) lib/active_support/callbacks.rb:166:in `call'
  activesupport (4.1.1) lib/active_support/callbacks.rb:166:in `block in halting'
  activesupport (4.1.1) lib/active_support/callbacks.rb:166:in `call'
  activesupport (4.1.1) lib/active_support/callbacks.rb:166:in `block in halting'
  activesupport (4.1.1) lib/active_support/callbacks.rb:166:in `call'
  activesupport (4.1.1) lib/active_support/callbacks.rb:166:in `block in halting'
  activesupport (4.1.1) lib/active_support/callbacks.rb:86:in `call'
  activesupport (4.1.1) lib/active_support/callbacks.rb:86:in `run_callbacks'
  actionpack (4.1.1) lib/abstract_controller/callbacks.rb:19:in `process_action'
  actionpack (4.1.1) lib/action_controller/metal/rescue.rb:29:in `process_action'
  actionpack (4.1.1) lib/action_controller/metal/instrumentation.rb:31:in `block in process_action'
  activesupport (4.1.1) lib/active_support/notifications.rb:159:in `block in instrument'
  activesupport (4.1.1) lib/active_support/notifications/instrumenter.rb:20:in `instrument'
  activesupport (4.1.1) lib/active_support/notifications.rb:159:in `instrument'
  actionpack (4.1.1) lib/action_controller/metal/instrumentation.rb:30:in `process_action'
  actionpack (4.1.1) lib/action_controller/metal/params_wrapper.rb:250:in `process_action'
  activerecord (4.1.1) lib/active_record/railties/controller_runtime.rb:18:in `process_action'
  actionpack (4.1.1) lib/abstract_controller/base.rb:136:in `process'
  actionview (4.1.1) lib/action_view/rendering.rb:30:in `process'
  actionpack (4.1.1) lib/action_controller/metal.rb:195:in `dispatch'
  actionpack (4.1.1) lib/action_controller/metal/rack_delegation.rb:13:in `dispatch'
  actionpack (4.1.1) lib/action_controller/metal.rb:231:in `block in action'
  actionpack (4.1.1) lib/action_dispatch/routing/route_set.rb:80:in `call'
  actionpack (4.1.1) lib/action_dispatch/routing/route_set.rb:80:in `dispatch'
  actionpack (4.1.1) lib/action_dispatch/routing/route_set.rb:48:in `call'
  actionpack (4.1.1) lib/action_dispatch/journey/router.rb:71:in `block in call'
  actionpack (4.1.1) lib/action_dispatch/journey/router.rb:59:in `each'
  actionpack (4.1.1) lib/action_dispatch/journey/router.rb:59:in `call'
  actionpack (4.1.1) lib/action_dispatch/routing/route_set.rb:676:in `call'
  rack (1.5.2) lib/rack/etag.rb:23:in `call'
  rack (1.5.2) lib/rack/conditionalget.rb:25:in `call'
  rack (1.5.2) lib/rack/head.rb:11:in `call'
  actionpack (4.1.1) lib/action_dispatch/middleware/params_parser.rb:27:in `call'
  actionpack (4.1.1) lib/action_dispatch/middleware/flash.rb:254:in `call'
  rack (1.5.2) lib/rack/session/abstract/id.rb:225:in `context'
  rack (1.5.2) lib/rack/session/abstract/id.rb:220:in `call'
  actionpack (4.1.1) lib/action_dispatch/middleware/cookies.rb:560:in `call'
  activerecord (4.1.1) lib/active_record/query_cache.rb:36:in `call'
  activerecord (4.1.1) lib/active_record/connection_adapters/abstract/connection_pool.rb:621:in `call'
  activerecord (4.1.1) lib/active_record/migration.rb:380:in `call'
  actionpack (4.1.1) lib/action_dispatch/middleware/callbacks.rb:29:in `block in call'
  activesupport (4.1.1) lib/active_support/callbacks.rb:82:in `run_callbacks'
  actionpack (4.1.1) lib/action_dispatch/middleware/callbacks.rb:27:in `call'
  actionpack (4.1.1) lib/action_dispatch/middleware/reloader.rb:73:in `call'
  actionpack (4.1.1) lib/action_dispatch/middleware/remote_ip.rb:76:in `call'
  actionpack (4.1.1) lib/action_dispatch/middleware/debug_exceptions.rb:17:in `call'
  actionpack (4.1.1) lib/action_dispatch/middleware/show_exceptions.rb:30:in `call'
  railties (4.1.1) lib/rails/rack/logger.rb:38:in `call_app'
  railties (4.1.1) lib/rails/rack/logger.rb:20:in `block in call'
  activesupport (4.1.1) lib/active_support/tagged_logging.rb:68:in `block in tagged'
  activesupport (4.1.1) lib/active_support/tagged_logging.rb:26:in `tagged'
  activesupport (4.1.1) lib/active_support/tagged_logging.rb:68:in `tagged'
  railties (4.1.1) lib/rails/rack/logger.rb:20:in `call'
  actionpack (4.1.1) lib/action_dispatch/middleware/request_id.rb:21:in `call'
  rack (1.5.2) lib/rack/methodoverride.rb:21:in `call'
  rack (1.5.2) lib/rack/runtime.rb:17:in `call'
  activesupport (4.1.1) lib/active_support/cache/strategy/local_cache_middleware.rb:26:in `call'
  rack (1.5.2) lib/rack/lock.rb:17:in `call'
  actionpack (4.1.1) lib/action_dispatch/middleware/static.rb:64:in `call'
  rack (1.5.2) lib/rack/sendfile.rb:112:in `call'
  railties (4.1.1) lib/rails/engine.rb:514:in `call'
  railties (4.1.1) lib/rails/application.rb:144:in `call'
  rack (1.5.2) lib/rack/lock.rb:17:in `call'
  rack (1.5.2) lib/rack/content_length.rb:14:in `call'
  rack (1.5.2) lib/rack/handler/webrick.rb:60:in `service'
  /home/anil/.rvm/rubies/ruby-2.1.2/lib/ruby/2.1.0/webrick/httpserver.rb:138:in `service'
  /home/anil/.rvm/rubies/ruby-2.1.2/lib/ruby/2.1.0/webrick/httpserver.rb:94:in `run'
  /home/anil/.rvm/rubies/ruby-2.1.2/lib/ruby/2.1.0/webrick/server.rb:295:in `block in start_thread'


  Rendered /home/anil/.rvm/gems/ruby-2.1.2@21nautica/gems/actionpack-4.1.1/lib/action_dispatch/middleware/templates/rescues/_source.erb (0.5ms)
  Rendered /home/anil/.rvm/gems/ruby-2.1.2@21nautica/gems/actionpack-4.1.1/lib/action_dispatch/middleware/templates/rescues/_trace.html.erb (1.2ms)
  Rendered /home/anil/.rvm/gems/ruby-2.1.2@21nautica/gems/actionpack-4.1.1/lib/action_dispatch/middleware/templates/rescues/_request_and_response.html.erb (0.9ms)
  Rendered /home/anil/.rvm/gems/ruby-2.1.2@21nautica/gems/actionpack-4.1.1/lib/action_dispatch/middleware/templates/rescues/diagnostics.erb within rescues/layout (15.3ms)


Started GET "/" for 127.0.0.1 at 2014-07-16 12:03:45 +0530
Processing by WelcomeController#index as HTML
  Rendered welcome/index.html.haml within layouts/application (0.1ms)
Completed 500 Internal Server Error in 2839ms

ActionView::Template::Error (Missing partial welcome/_flash_message, application/_flash_message with {:locale=>[:en], :formats=>[:html], :variants=>[], :handlers=>[:erb, :builder, :raw, :ruby, :jbuilder, :coffee, :haml]}. Searched in:
  * "/home/anil/work/21nautica/app/views"
):
    10:     %meta{:content => "width=device-width, initial-scale=1.0", :name => "viewport"}/
    11:   %body
    12:     .flash_messages.global
    13:       = render 'flash_message'
    14:     .wrapper
    15:       = render 'header'
    16:       .container
  app/views/layouts/application.html.haml:13:in `_app_views_layouts_application_html_haml__840639959921883219_70081626413680'


  Rendered /home/anil/.rvm/gems/ruby-2.1.2@21nautica/gems/actionpack-4.1.1/lib/action_dispatch/middleware/templates/rescues/_trace.html.erb (1.4ms)
  Rendered /home/anil/.rvm/gems/ruby-2.1.2@21nautica/gems/actionpack-4.1.1/lib/action_dispatch/middleware/templates/rescues/_request_and_response.html.erb (0.9ms)
  Rendered /home/anil/.rvm/gems/ruby-2.1.2@21nautica/gems/actionpack-4.1.1/lib/action_dispatch/middleware/templates/rescues/template_error.html.erb within rescues/layout (12.0ms)


Started GET "/" for 127.0.0.1 at 2014-07-16 12:04:47 +0530
Processing by WelcomeController#index as HTML
  Rendered welcome/index.html.haml within layouts/application (0.1ms)
Completed 500 Internal Server Error in 11ms

ActionView::Template::Error (Missing partial welcome/_flash_message, application/_flash_message with {:locale=>[:en], :formats=>[:html], :variants=>[], :handlers=>[:erb, :builder, :raw, :ruby, :jbuilder, :coffee, :haml]}. Searched in:
  * "/home/anil/work/21nautica/app/views"
):
    10:     %meta{:content => "width=device-width, initial-scale=1.0", :name => "viewport"}/
    11:   %body
    12:     .flash_messages.global
    13:       = render 'flash_message'
    14:     .wrapper
    15:       = render 'header'
    16:       .container
  app/views/layouts/application.html.haml:13:in `_app_views_layouts_application_html_haml__840639959921883219_70081626413680'


  Rendered /home/anil/.rvm/gems/ruby-2.1.2@21nautica/gems/actionpack-4.1.1/lib/action_dispatch/middleware/templates/rescues/_trace.html.erb (1.3ms)
  Rendered /home/anil/.rvm/gems/ruby-2.1.2@21nautica/gems/actionpack-4.1.1/lib/action_dispatch/middleware/templates/rescues/_request_and_response.html.erb (0.9ms)
  Rendered /home/anil/.rvm/gems/ruby-2.1.2@21nautica/gems/actionpack-4.1.1/lib/action_dispatch/middleware/templates/rescues/template_error.html.erb within rescues/layout (11.5ms)


Started GET "/" for 127.0.0.1 at 2014-07-16 12:04:49 +0530
Processing by WelcomeController#index as HTML
  Rendered welcome/index.html.haml within layouts/application (0.2ms)
Completed 500 Internal Server Error in 13ms

ActionView::Template::Error (Missing partial welcome/_flash_message, application/_flash_message with {:locale=>[:en], :formats=>[:html], :variants=>[], :handlers=>[:erb, :builder, :raw, :ruby, :jbuilder, :coffee, :haml]}. Searched in:
  * "/home/anil/work/21nautica/app/views"
):
    10:     %meta{:content => "width=device-width, initial-scale=1.0", :name => "viewport"}/
    11:   %body
    12:     .flash_messages.global
    13:       = render 'flash_message'
    14:     .wrapper
    15:       = render 'header'
    16:       .container
  app/views/layouts/application.html.haml:13:in `_app_views_layouts_application_html_haml__840639959921883219_70081626413680'


  Rendered /home/anil/.rvm/gems/ruby-2.1.2@21nautica/gems/actionpack-4.1.1/lib/action_dispatch/middleware/templates/rescues/_trace.html.erb (1.4ms)
  Rendered /home/anil/.rvm/gems/ruby-2.1.2@21nautica/gems/actionpack-4.1.1/lib/action_dispatch/middleware/templates/rescues/_request_and_response.html.erb (0.9ms)
  Rendered /home/anil/.rvm/gems/ruby-2.1.2@21nautica/gems/actionpack-4.1.1/lib/action_dispatch/middleware/templates/rescues/template_error.html.erb within rescues/layout (11.1ms)


Started GET "/" for 127.0.0.1 at 2014-07-16 12:05:11 +0530
Processing by WelcomeController#index as HTML
  Rendered welcome/index.html.haml within layouts/application (0.1ms)
  Rendered application/_flash_message.html.haml (1.8ms)
  Rendered application/_header.html.haml (3.2ms)
  Rendered application/_footer.html.haml (1.1ms)
Completed 200 OK in 21ms (Views: 20.0ms | ActiveRecord: 0.0ms)


Started GET "/assets/bootstrap-sprockets.js?body=1" for 127.0.0.1 at 2014-07-16 12:05:11 +0530


Started GET "/assets/application.css?body=1" for 127.0.0.1 at 2014-07-16 12:05:11 +0530


Started GET "/assets/turbolinks.js?body=1" for 127.0.0.1 at 2014-07-16 12:05:11 +0530


Started GET "/assets/jquery.js?body=1" for 127.0.0.1 at 2014-07-16 12:05:11 +0530


Started GET "/assets/bootstrap/affix.js?body=1" for 127.0.0.1 at 2014-07-16 12:05:11 +0530


Started GET "/assets/bootstrap/alert.js?body=1" for 127.0.0.1 at 2014-07-16 12:05:11 +0530


Started GET "/assets/bootstrap/button.js?body=1" for 127.0.0.1 at 2014-07-16 12:05:11 +0530


Started GET "/assets/bootstrap/collapse.js?body=1" for 127.0.0.1 at 2014-07-16 12:05:11 +0530


Started GET "/assets/bootstrap/dropdown.js?body=1" for 127.0.0.1 at 2014-07-16 12:05:11 +0530


Started GET "/assets/bootstrap/tab.js?body=1" for 127.0.0.1 at 2014-07-16 12:05:11 +0530


Started GET "/assets/bootstrap/transition.js?body=1" for 127.0.0.1 at 2014-07-16 12:05:11 +0530


Started GET "/assets/bootstrap/modal.js?body=1" for 127.0.0.1 at 2014-07-16 12:05:11 +0530


Started GET "/assets/bootstrap/tooltip.js?body=1" for 127.0.0.1 at 2014-07-16 12:05:11 +0530


Started GET "/assets/bootstrap/popover.js?body=1" for 127.0.0.1 at 2014-07-16 12:05:11 +0530


Started GET "/assets/jquery_ujs.js?body=1" for 127.0.0.1 at 2014-07-16 12:05:11 +0530


Started GET "/assets/application.js?body=1" for 127.0.0.1 at 2014-07-16 12:05:11 +0530


Started GET "/assets/bootstrap/scrollspy.js?body=1" for 127.0.0.1 at 2014-07-16 12:05:11 +0530


Started GET "/assets/bootstrap/carousel.js?body=1" for 127.0.0.1 at 2014-07-16 12:05:11 +0530


Started GET "/assets/welcome.js?body=1" for 127.0.0.1 at 2014-07-16 12:05:11 +0530


Started GET "/" for 127.0.0.1 at 2014-07-16 12:06:33 +0530
Processing by WelcomeController#index as HTML
  Rendered welcome/index.html.haml within layouts/application (0.1ms)
  Rendered application/_flash_message.html.haml (0.5ms)
  Rendered application/_header.html.haml (3.6ms)
  Rendered application/_footer.html.haml (0.1ms)
Completed 200 OK in 18ms (Views: 17.4ms | ActiveRecord: 0.0ms)


Started GET "/assets/application.css?body=1" for 127.0.0.1 at 2014-07-16 12:06:34 +0530


Started GET "/assets/bootstrap/affix.js?body=1" for 127.0.0.1 at 2014-07-16 12:06:34 +0530


Started GET "/assets/bootstrap/button.js?body=1" for 127.0.0.1 at 2014-07-16 12:06:34 +0530


Started GET "/assets/bootstrap/collapse.js?body=1" for 127.0.0.1 at 2014-07-16 12:06:34 +0530


Started GET "/assets/jquery.js?body=1" for 127.0.0.1 at 2014-07-16 12:06:34 +0530


Started GET "/assets/bootstrap/carousel.js?body=1" for 127.0.0.1 at 2014-07-16 12:06:34 +0530


Started GET "/assets/bootstrap/alert.js?body=1" for 127.0.0.1 at 2014-07-16 12:06:34 +0530


Started GET "/assets/bootstrap/tab.js?body=1" for 127.0.0.1 at 2014-07-16 12:06:34 +0530


Started GET "/assets/bootstrap/dropdown.js?body=1" for 127.0.0.1 at 2014-07-16 12:06:34 +0530


Started GET "/assets/bootstrap/transition.js?body=1" for 127.0.0.1 at 2014-07-16 12:06:34 +0530


Started GET "/assets/bootstrap/scrollspy.js?body=1" for 127.0.0.1 at 2014-07-16 12:06:34 +0530


Started GET "/assets/bootstrap/modal.js?body=1" for 127.0.0.1 at 2014-07-16 12:06:34 +0530


Started GET "/assets/bootstrap/tooltip.js?body=1" for 127.0.0.1 at 2014-07-16 12:06:34 +0530


Started GET "/assets/bootstrap/popover.js?body=1" for 127.0.0.1 at 2014-07-16 12:06:34 +0530


Started GET "/assets/bootstrap-sprockets.js?body=1" for 127.0.0.1 at 2014-07-16 12:06:34 +0530


Started GET "/assets/jquery_ujs.js?body=1" for 127.0.0.1 at 2014-07-16 12:06:34 +0530


Started GET "/assets/turbolinks.js?body=1" for 127.0.0.1 at 2014-07-16 12:06:34 +0530


Started GET "/assets/welcome.js?body=1" for 127.0.0.1 at 2014-07-16 12:06:34 +0530


Started GET "/assets/application.js?body=1" for 127.0.0.1 at 2014-07-16 12:06:34 +0530


Started GET "/" for 127.0.0.1 at 2014-07-16 12:06:42 +0530
Processing by WelcomeController#index as HTML
  Rendered welcome/index.html.haml within layouts/application (0.1ms)
  Rendered application/_flash_message.html.haml (0.5ms)
  Rendered application/_header.html.haml (3.9ms)
  Rendered application/_footer.html.haml (0.1ms)
Completed 200 OK in 18ms (Views: 17.2ms | ActiveRecord: 0.0ms)


Started GET "/assets/application.css?body=1" for 127.0.0.1 at 2014-07-16 12:06:42 +0530


Started GET "/assets/jquery.js?body=1" for 127.0.0.1 at 2014-07-16 12:06:42 +0530


Started GET "/assets/bootstrap/affix.js?body=1" for 127.0.0.1 at 2014-07-16 12:06:42 +0530


Started GET "/assets/bootstrap/alert.js?body=1" for 127.0.0.1 at 2014-07-16 12:06:42 +0530


Started GET "/assets/bootstrap/carousel.js?body=1" for 127.0.0.1 at 2014-07-16 12:06:42 +0530


Started GET "/assets/bootstrap/collapse.js?body=1" for 127.0.0.1 at 2014-07-16 12:06:42 +0530


Started GET "/assets/bootstrap/button.js?body=1" for 127.0.0.1 at 2014-07-16 12:06:42 +0530


Started GET "/assets/bootstrap/dropdown.js?body=1" for 127.0.0.1 at 2014-07-16 12:06:42 +0530


Started GET "/assets/bootstrap/tab.js?body=1" for 127.0.0.1 at 2014-07-16 12:06:42 +0530


Started GET "/assets/bootstrap/transition.js?body=1" for 127.0.0.1 at 2014-07-16 12:06:42 +0530


Started GET "/assets/bootstrap/scrollspy.js?body=1" for 127.0.0.1 at 2014-07-16 12:06:42 +0530


Started GET "/assets/bootstrap/modal.js?body=1" for 127.0.0.1 at 2014-07-16 12:06:42 +0530


Started GET "/assets/bootstrap/tooltip.js?body=1" for 127.0.0.1 at 2014-07-16 12:06:42 +0530


Started GET "/assets/bootstrap/popover.js?body=1" for 127.0.0.1 at 2014-07-16 12:06:42 +0530


Started GET "/assets/bootstrap-sprockets.js?body=1" for 127.0.0.1 at 2014-07-16 12:06:42 +0530


Started GET "/assets/jquery_ujs.js?body=1" for 127.0.0.1 at 2014-07-16 12:06:42 +0530


Started GET "/assets/turbolinks.js?body=1" for 127.0.0.1 at 2014-07-16 12:06:42 +0530


Started GET "/assets/welcome.js?body=1" for 127.0.0.1 at 2014-07-16 12:06:42 +0530


Started GET "/assets/application.js?body=1" for 127.0.0.1 at 2014-07-16 12:06:42 +0530


Started GET "/" for 127.0.0.1 at 2014-07-16 12:31:20 +0530
Processing by WelcomeController#index as HTML
  Rendered welcome/index.html.haml within layouts/application (0.2ms)
  Rendered application/_flash_message.html.haml (0.5ms)
  Rendered application/_header.html.haml (1.5ms)
Completed 500 Internal Server Error in 19ms

ActionView::Template::Error (The line was indented 2 levels deeper than the previous line.):
     7:         %span.icon-bar
     8:       = link_to '21 Nautica', '#', class: 'navbar-brand'
     9:     .collapse.navbar-collapse{id: 'nav-header-collapse'}
    10:         %ul.nav.navbar-nav
    11:           %li= link_to 'Import', '#'
    12:           %li= link_to 'Export', '#'
  app/views/application/_header.html.haml:10
  app/views/layouts/application.html.haml:15:in `_app_views_layouts_application_html_haml__840639959921883219_70081627247980'


  Rendered /home/anil/.rvm/gems/ruby-2.1.2@21nautica/gems/actionpack-4.1.1/lib/action_dispatch/middleware/templates/rescues/_trace.html.erb (1.3ms)
  Rendered /home/anil/.rvm/gems/ruby-2.1.2@21nautica/gems/actionpack-4.1.1/lib/action_dispatch/middleware/templates/rescues/_request_and_response.html.erb (1.9ms)
  Rendered /home/anil/.rvm/gems/ruby-2.1.2@21nautica/gems/actionpack-4.1.1/lib/action_dispatch/middleware/templates/rescues/template_error.html.erb within rescues/layout (12.6ms)


Started GET "/" for 127.0.0.1 at 2014-07-16 12:31:32 +0530
Processing by WelcomeController#index as HTML
  Rendered welcome/index.html.haml within layouts/application (0.1ms)
  Rendered application/_flash_message.html.haml (0.5ms)
  Rendered application/_header.html.haml (2.7ms)
  Rendered application/_footer.html.haml (0.1ms)
Completed 200 OK in 18ms (Views: 16.9ms | ActiveRecord: 0.0ms)


Started GET "/assets/application.css?body=1" for 127.0.0.1 at 2014-07-16 12:31:32 +0530


Started GET "/assets/jquery.js?body=1" for 127.0.0.1 at 2014-07-16 12:31:32 +0530


Started GET "/assets/bootstrap/affix.js?body=1" for 127.0.0.1 at 2014-07-16 12:31:32 +0530


Started GET "/assets/bootstrap/alert.js?body=1" for 127.0.0.1 at 2014-07-16 12:31:32 +0530


Started GET "/assets/bootstrap/carousel.js?body=1" for 127.0.0.1 at 2014-07-16 12:31:32 +0530


Started GET "/assets/bootstrap/button.js?body=1" for 127.0.0.1 at 2014-07-16 12:31:32 +0530


Started GET "/assets/bootstrap/collapse.js?body=1" for 127.0.0.1 at 2014-07-16 12:31:32 +0530


Started GET "/assets/bootstrap/dropdown.js?body=1" for 127.0.0.1 at 2014-07-16 12:31:32 +0530


Started GET "/assets/bootstrap/tab.js?body=1" for 127.0.0.1 at 2014-07-16 12:31:32 +0530


Started GET "/assets/bootstrap/transition.js?body=1" for 127.0.0.1 at 2014-07-16 12:31:32 +0530


Started GET "/assets/bootstrap/scrollspy.js?body=1" for 127.0.0.1 at 2014-07-16 12:31:32 +0530


Started GET "/assets/bootstrap/modal.js?body=1" for 127.0.0.1 at 2014-07-16 12:31:32 +0530


Started GET "/assets/bootstrap/tooltip.js?body=1" for 127.0.0.1 at 2014-07-16 12:31:32 +0530


Started GET "/assets/bootstrap/popover.js?body=1" for 127.0.0.1 at 2014-07-16 12:31:32 +0530


Started GET "/assets/bootstrap-sprockets.js?body=1" for 127.0.0.1 at 2014-07-16 12:31:32 +0530


Started GET "/assets/jquery_ujs.js?body=1" for 127.0.0.1 at 2014-07-16 12:31:32 +0530


Started GET "/assets/turbolinks.js?body=1" for 127.0.0.1 at 2014-07-16 12:31:32 +0530


Started GET "/assets/welcome.js?body=1" for 127.0.0.1 at 2014-07-16 12:31:32 +0530


Started GET "/assets/application.js?body=1" for 127.0.0.1 at 2014-07-16 12:31:32 +0530


Started GET "/" for 127.0.0.1 at 2014-07-16 12:40:43 +0530
  [1m[36mActiveRecord::SchemaMigration Load (0.5ms)[0m  [1mSELECT "schema_migrations".* FROM "schema_migrations"[0m
Processing by WelcomeController#index as HTML
  Rendered welcome/index.html.haml within layouts/application (1.5ms)
  Rendered application/_flash_message.html.haml (1.8ms)
  Rendered application/_header.html.haml (5.5ms)
  Rendered application/_footer.html.haml (1.6ms)
Completed 200 OK in 147ms (Views: 137.7ms | ActiveRecord: 0.0ms)


Started GET "/" for 127.0.0.1 at 2014-07-16 12:49:34 +0530
Processing by WelcomeController#index as HTML
  Rendered welcome/index.html.haml within layouts/application (0.1ms)
  Rendered application/_flash_message.html.haml (0.5ms)
  Rendered application/_header.html.haml (0.8ms)
  Rendered application/_footer.html.haml (0.1ms)
Completed 200 OK in 19ms (Views: 17.8ms | ActiveRecord: 0.0ms)


Started GET "/" for 127.0.0.1 at 2014-07-16 12:55:11 +0530
Processing by WelcomeController#index as HTML
  Rendered welcome/index.html.haml within layouts/application (0.1ms)
  Rendered application/_flash_message.html.haml (0.4ms)
  Rendered application/_header.html.haml (0.2ms)
  Rendered application/_footer.html.haml (0.0ms)
Completed 200 OK in 16ms (Views: 14.8ms | ActiveRecord: 0.0ms)


Started GET "/" for 127.0.0.1 at 2014-07-16 12:55:17 +0530
Processing by WelcomeController#index as HTML
  Rendered welcome/index.html.haml within layouts/application (0.1ms)
  Rendered application/_flash_message.html.haml (0.4ms)
  Rendered application/_header.html.haml (0.3ms)
  Rendered application/_footer.html.haml (0.1ms)
Completed 200 OK in 13ms (Views: 12.6ms | ActiveRecord: 0.0ms)


Started GET "/" for 127.0.0.1 at 2014-07-16 12:57:24 +0530
Processing by WelcomeController#index as HTML
  Rendered welcome/index.html.haml within layouts/application (0.1ms)
  Rendered application/_flash_message.html.haml (0.4ms)
  Rendered application/_header.html.haml (0.3ms)
Completed 200 OK in 16ms (Views: 14.3ms | ActiveRecord: 0.0ms)


Started GET "/" for 127.0.0.1 at 2014-07-16 12:57:31 +0530
Processing by WelcomeController#index as HTML
  Rendered welcome/index.html.haml within layouts/application (0.9ms)
  Rendered application/_flash_message.html.haml (1.7ms)
  Rendered application/_header.html.haml (2.5ms)
Completed 200 OK in 19ms (Views: 18.1ms | ActiveRecord: 0.0ms)
